2021/01/11  11:50               114 AdPositionsController
2021/01/11  12:57               106 AdsController
2021/01/11  12:57               108 AreasController
2021/01/11  12:57               114 ArticleCatsController
2021/01/11  12:58               111 ArticlesController
2021/01/11  13:01               113 AttributesController
2021/01/11  13:03               108 BanksController
2021/01/11  13:03               109 BrandsController
2021/01/11  13:03               108 CartsController
2021/01/11  13:04               114 CashConfigsController
2021/01/11  13:04               112 CashDrawsController
2021/01/11  13:04               112 CatBrandsController
2021/01/11  13:04               111 DataCatsController
2021/01/11  13:04               108 DatasController
2021/01/11  13:04               110 ExpressController
2021/01/11  13:05               112 FavoritesController
2021/01/11  13:06               111 FreightsController
2021/01/11  13:06               108 GoodsController
2021/01/11  13:06               117 GoodsAppraisesController
2021/01/11  13:06               118 GoodsAttributesController
2021/01/11  13:06               112 GoodsCatsController
2021/01/11  13:07               114 GoodsScoresController
2021/01/11  13:08               112 HomeMenusController
2021/01/11  13:08               109 ImagesController
2021/01/11  13:08               112 LogMoneysController
2021/01/11  13:09               114 LogOperatesController
2021/01/11  13:09               112 LogOrdersController
2021/01/11  13:09               117 LogStaffLoginsController
2021/01/11  13:09               116 LogUserLoginsController
2021/01/11  13:09               108 MenusController
2021/01/11  13:09               111 MessagesController
2021/01/11  13:09               107 NavsController
2021/01/11  13:10               113 OrderGoodsController
2021/01/11  13:10               111 OrderidsController
2021/01/11  13:10               115 OrderRefundsController
2021/01/11  13:10               109 OrdersController
2021/01/11  13:10               111 PaymentsController
2021/01/11  13:10               113 PrivilegesController
2021/01/11  13:10               113 RecommendsController
2021/01/11  13:10               108 RolesController
2021/01/11  13:10               109 StaffsController
2021/01/11  13:11               109 StylesController
2021/01/11  13:11               113 SysConfigsController
2021/01/11  13:11               114 UserAddressController
2021/01/11  13:11               112 UserRanksController
2021/01/11  13:11               108 UsersController
2021/01/11  13:11               113 UserScoresController
              48 个文件          5,239 字节
               2 个目录 28,877,602,816 可用字节
